<?xml version="1.0" encoding="UTF-8"?>
<testng-results skipped="0" failed="0" ignored="0" total="1" passed="1">
  <reporter-output>
  </reporter-output>
  <suite name="Default suite" duration-ms="31" started-at="2017-07-25T09:40:33Z" finished-at="2017-07-25T09:40:33Z">
    <groups>
    </groups>
    <test name="Default test" duration-ms="31" started-at="2017-07-25T09:40:33Z" finished-at="2017-07-25T09:40:33Z">
      <class name="testngv2.testv1">
        <test-method status="PASS" signature="f()[pri:0, instance:testngv2.testv1@6cc4c815]" name="f" duration-ms="13" started-at="2017-07-25T11:40:33Z" finished-at="2017-07-25T11:40:33Z">
          <reporter-output>
          </reporter-output>
        </test-method> <!-- f -->
      </class> <!-- testngv2.testv1 -->
    </test> <!-- Default test -->
  </suite> <!-- Default suite -->
</testng-results>
